E:\C++编程\万兽山林\DEBUG\万兽山林.EXE
E:\C++编程\万兽山林\DEBUG\万兽山林.ILK
E:\C++编程\万兽山林\DEBUG\万兽山林.PDB
E:\C++编程\万兽山林\万兽山林\Debug\cl.command.1.tlog
E:\C++编程\万兽山林\万兽山林\Debug\CL.read.1.tlog
E:\C++编程\万兽山林\万兽山林\Debug\CL.write.1.tlog
E:\C++编程\万兽山林\万兽山林\DEBUG\GAMECLASS.OBJ
E:\C++编程\万兽山林\万兽山林\DEBUG\GAMEPREPARE.OBJ
E:\C++编程\万兽山林\万兽山林\Debug\link.12564.read.1.tlog
E:\C++编程\万兽山林\万兽山林\Debug\link.12564.write.1.tlog
E:\C++编程\万兽山林\万兽山林\Debug\link.12564-cvtres.read.1.tlog
E:\C++编程\万兽山林\万兽山林\Debug\link.12564-cvtres.write.1.tlog
E:\C++编程\万兽山林\万兽山林\Debug\link.12992.read.1.tlog
E:\C++编程\万兽山林\万兽山林\Debug\link.12992.write.1.tlog
E:\C++编程\万兽山林\万兽山林\Debug\link.12992-cvtres.read.1.tlog
E:\C++编程\万兽山林\万兽山林\Debug\link.12992-cvtres.write.1.tlog
E:\C++编程\万兽山林\万兽山林\Debug\link.2376.read.1.tlog
E:\C++编程\万兽山林\万兽山林\Debug\link.2376.write.1.tlog
E:\C++编程\万兽山林\万兽山林\Debug\link.2376-cvtres.read.1.tlog
E:\C++编程\万兽山林\万兽山林\Debug\link.2376-cvtres.write.1.tlog
E:\C++编程\万兽山林\万兽山林\Debug\link.7736.read.1.tlog
E:\C++编程\万兽山林\万兽山林\Debug\link.7736.write.1.tlog
E:\C++编程\万兽山林\万兽山林\Debug\link.7736-cvtres.read.1.tlog
E:\C++编程\万兽山林\万兽山林\Debug\link.7736-cvtres.write.1.tlog
E:\C++编程\万兽山林\万兽山林\Debug\link.command.1.tlog
E:\C++编程\万兽山林\万兽山林\Debug\link.read.1.tlog
E:\C++编程\万兽山林\万兽山林\Debug\link.write.1.tlog
E:\C++编程\万兽山林\万兽山林\Debug\link-cvtres.read.1.tlog
E:\C++编程\万兽山林\万兽山林\Debug\link-cvtres.write.1.tlog
E:\C++编程\万兽山林\万兽山林\DEBUG\MAIN.OBJ
E:\C++编程\万兽山林\万兽山林\Debug\mt.command.1.tlog
E:\C++编程\万兽山林\万兽山林\Debug\mt.read.1.tlog
E:\C++编程\万兽山林\万兽山林\Debug\mt.write.1.tlog
E:\C++编程\万兽山林\万兽山林\Debug\rc.command.1.tlog
E:\C++编程\万兽山林\万兽山林\Debug\rc.read.1.tlog
E:\C++编程\万兽山林\万兽山林\Debug\rc.write.1.tlog
E:\C++编程\万兽山林\万兽山林\Debug\vc100.idb
E:\C++编程\万兽山林\万兽山林\DEBUG\VC100.PDB
E:\C++编程\万兽山林\万兽山林\DEBUG\万兽山林.EXE.EMBED.MANIFEST
E:\C++编程\万兽山林\万兽山林\DEBUG\万兽山林.EXE.EMBED.MANIFEST.RES
E:\C++编程\万兽山林\万兽山林\DEBUG\万兽山林.EXE.INTERMEDIATE.MANIFEST
E:\C++编程\万兽山林\万兽山林\Debug\万兽山林.vcxprojResolveAssemblyReference.cache
E:\C++编程\万兽山林\万兽山林\Debug\万兽山林.write.1.tlog
E:\C++编程\万兽山林\万兽山林\Debug\万兽山林_manifest.rc
