生成启动时间为 2016/8/23 22:39:22。
     1>项目“E:\C++编程\万兽山林\万兽山林\万兽山林.vcxproj”在节点 2 上(build 个目标)。
     1>InitializeBuildStatus:
         正在创建“Debug\万兽山林.unsuccessfulbuild”，因为已指定“AlwaysCreate”。
       ClCompile:
         E:\vs2010\VC\bin\CL.exe /c /ZI /nologo /W3 /WX- /Od /Oy- /D WIN32 /D _DEBUG /D _CONSOLE /D _UNICODE /D UNICODE /Gm /EHsc /RTC1 /MDd /GS /fp:precise /Zc:wchar_t /Zc:forScope /Fo"Debug\\" /Fd"Debug\vc100.pdb" /Gd /TP /analyze- /errorReport:prompt gameclass.cpp
         gameclass.cpp
       ManifestResourceCompile:
         所有输出均为最新。
       Link:
         E:\vs2010\VC\bin\link.exe /ERRORREPORT:PROMPT /OUT:"E:\C++编程\万兽山林\Debug\万兽山林.exe" /INCREMENTAL /NOLOGO kernel32.lib user32.lib gdi32.lib winspool.lib comdlg32.lib advapi32.lib shell32.lib ole32.lib oleaut32.lib uuid.lib odbc32.lib odbccp32.lib /MANIFEST /ManifestFile:"Debug\万兽山林.exe.intermediate.manifest" /MANIFESTUAC:"level='asInvoker' uiAccess='false'" /DEBUG /PDB:"E:\C++编程\万兽山林\Debug\万兽山林.pdb" /SUBSYSTEM:CONSOLE /TLBID:1 /DYNAMICBASE /NXCOMPAT /IMPLIB:"E:\C++编程\万兽山林\Debug\万兽山林.lib" /MACHINE:X86 "Debug\万兽山林.exe.embed.manifest.res"
         Debug\gameclass.obj
         Debug\gameprepare.obj
         Debug\main.obj
       Manifest:
         C:\Program Files (x86)\Microsoft SDKs\Windows\v7.0A\bin\mt.exe /nologo /verbose /out:"Debug\万兽山林.exe.embed.manifest" /manifest "Debug\万兽山林.exe.intermediate.manifest"
         所有输出均为最新。
       LinkEmbedManifest:
         所有输出均为最新。
         万兽山林.vcxproj -> E:\C++编程\万兽山林\Debug\万兽山林.exe
       FinalizeBuildStatus:
         正在删除文件“Debug\万兽山林.unsuccessfulbuild”。
         正在对“Debug\万兽山林.lastbuildstate”执行 Touch 任务。
     1>已完成生成项目“E:\C++编程\万兽山林\万兽山林\万兽山林.vcxproj”(build 个目标)的操作。

生成成功。

已用时间 00:00:01.56
